<?xml version="1.0" encoding="UTF-8"?>
<!-- Generated by org.testng.reporters.JUnitXMLReporter -->
<testsuite hostname="LAPTOP-KVKSTATV" failures="0" tests="5" name="Default test" time="476.056" errors="0" timestamp="24 Dec 2018 04:43:28 GMT">
  <testcase classname="com.vtiger.oppurtunities.OppurtunitiesTest" name="Edit_OppurtunitiesWith_MassEditButton_Group_SupportGroupTest" time="86.216"/>
  <testcase classname="com.vtiger.oppurtunities.OppurtunitiesTest" name="Edit_OppurtunitiesWith_MassEditButton_LeadSource_WebsiteTest" time="80.574"/>
  <testcase classname="com.vtiger.oppurtunities.OppurtunitiesTest" name="Edit_OppurtunitiesWith_MassEditButton_NextStepTest" time="82.046"/>
  <testcase classname="com.vtiger.oppurtunities.OppurtunitiesTest" name="Edit_OppurtunitiesWith_MassEditButton_Type_NewBuisinessTest" time="85.037"/>
  <testcase classname="com.vtiger.oppurtunities.OppurtunitiesTest" name="edit_OppurtunitiesWith_MassEditButton_AmountTest" time="80.685"/>
</testsuite> <!-- Default test -->
