<?xml version="1.0" encoding="UTF-8"?>
<!-- Generated by org.testng.reporters.JUnitXMLReporter -->
<testsuite hostname="LAPTOP-KVKSTATV" failures="0" tests="6" name="Test" time="0.089" errors="0" timestamp="17 Dec 2018 09:03:52 GMT">
  <testcase classname="com.vtiger.oppurtunities.EndtoEndTest" name="@BeforeMethod configBM" time="0.0">
    <failure type="java.lang.NullPointerException">
      <![CDATA[java.lang.NullPointerException
	at com.vtiger.genericlib.BaseClass.configBM(BaseClass.java:56)
... Removed 26 stack frames]]>
    </failure>
  </testcase> <!-- @BeforeMethod configBM -->
  <testcase classname="com.vtiger.oppurtunities.OppurtunitiesTest" name="@BeforeMethod configBM" time="0.0">
    <skipped/>
  </testcase> <!-- @BeforeMethod configBM -->
  <testcase classname="com.vtiger.oppurtunities.OppurtunitiesTest" name="@BeforeMethod configBM" time="0.0">
    <skipped/>
  </testcase> <!-- @BeforeMethod configBM -->
  <testcase classname="com.vtiger.oppurtunities.OppurtunitiesTest" name="@BeforeMethod configBM" time="0.0">
    <skipped/>
  </testcase> <!-- @BeforeMethod configBM -->
  <testcase classname="com.vtiger.oppurtunities.OppurtunitiesTest" name="@BeforeMethod configBM" time="0.0">
    <skipped/>
  </testcase> <!-- @BeforeMethod configBM -->
  <testcase classname="com.vtiger.oppurtunities.OppurtunitiesTest" name="@BeforeMethod configBM" time="0.0">
    <skipped/>
  </testcase> <!-- @BeforeMethod configBM -->
  <testcase classname="com.vtiger.oppurtunities.EndtoEndTest" name="EndtoEnd1Test" time="0.002">
    <skipped/>
  </testcase> <!-- EndtoEnd1Test -->
  <testcase classname="com.vtiger.oppurtunities.OppurtunitiesTest" name="Edit_OppurtunitiesWith_MassEditButton_Group_SupportGroupTest" time="0.002">
    <skipped/>
  </testcase> <!-- Edit_OppurtunitiesWith_MassEditButton_Group_SupportGroupTest -->
  <testcase classname="com.vtiger.oppurtunities.OppurtunitiesTest" name="Edit_OppurtunitiesWith_MassEditButton_LeadSource_WebsiteTest" time="0.003">
    <skipped/>
  </testcase> <!-- Edit_OppurtunitiesWith_MassEditButton_LeadSource_WebsiteTest -->
  <testcase classname="com.vtiger.oppurtunities.OppurtunitiesTest" name="Edit_OppurtunitiesWith_MassEditButton_NextStepTest" time="0.002">
    <skipped/>
  </testcase> <!-- Edit_OppurtunitiesWith_MassEditButton_NextStepTest -->
  <testcase classname="com.vtiger.oppurtunities.OppurtunitiesTest" name="Edit_OppurtunitiesWith_MassEditButton_Type_NewBuisinessTest" time="0.001">
    <skipped/>
  </testcase> <!-- Edit_OppurtunitiesWith_MassEditButton_Type_NewBuisinessTest -->
  <testcase classname="com.vtiger.oppurtunities.OppurtunitiesTest" name="edit_OppurtunitiesWith_MassEditButton_AmountTest" time="0.005">
    <skipped/>
  </testcase> <!-- edit_OppurtunitiesWith_MassEditButton_AmountTest -->
</testsuite> <!-- Test -->
